Determining if the pthread_create exist failed with the following output:
Change Dir: /home/revan/CMPUT412/Competitions/412-Comp1/catkin_ws/build/CMakeFiles/CMakeTmp

Run Build Command:"/usr/bin/make" "cmTC_9d3cf/fast"
/usr/bin/make -f CMakeFiles/cmTC_9d3cf.dir/build.make CMakeFiles/cmTC_9d3cf.dir/build
make[1]: Entering directory '/home/revan/CMPUT412/Competitions/412-Comp1/catkin_ws/build/CMakeFiles/CMakeTmp'
Building C object CMakeFiles/cmTC_9d3cf.dir/CheckSymbolExists.c.o
/usr/bin/cc     -o CMakeFiles/cmTC_9d3cf.dir/CheckSymbolExists.c.o   -c /home/revan/CMPUT412/Competitions/412-Comp1/catkin_ws/build/CMakeFiles/CMakeTmp/CheckSymbolExists.c
Linking C executable cmTC_9d3cf
/usr/bin/cmake -E cmake_link_script CMakeFiles/cmTC_9d3cf.dir/link.txt --verbose=1
/usr/bin/cc       CMakeFiles/cmTC_9d3cf.dir/CheckSymbolExists.c.o  -o cmTC_9d3cf -rdynamic 
CMakeFiles/cmTC_9d3cf.dir/CheckSymbolExists.c.o: In function `main':
CheckSymbolExists.c:(.text+0x16): undefined reference to `pthread_create'
collect2: error: ld returned 1 exit status
CMakeFiles/cmTC_9d3cf.dir/build.make:97: recipe for target 'cmTC_9d3cf' failed
make[1]: *** [cmTC_9d3cf] Error 1
make[1]: Leaving directory '/home/revan/CMPUT412/Competitions/412-Comp1/catkin_ws/build/CMakeFiles/CMakeTmp'
Makefile:126: recipe for target 'cmTC_9d3cf/fast' failed
make: *** [cmTC_9d3cf/fast] Error 2

File /home/revan/CMPUT412/Competitions/412-Comp1/catkin_ws/build/CMakeFiles/CMakeTmp/CheckSymbolExists.c:
/* */
#include <pthread.h>

int main(int argc, char** argv)
{
  (void)argv;
#ifndef pthread_create
  return ((int*)(&pthread_create))[argc];
#else
  (void)argc;
  return 0;
#endif
}

Determining if the function pthread_create exists in the pthreads failed with the following output:
Change Dir: /home/revan/CMPUT412/Competitions/412-Comp1/catkin_ws/build/CMakeFiles/CMakeTmp

Run Build Command:"/usr/bin/make" "cmTC_7a5e9/fast"
/usr/bin/make -f CMakeFiles/cmTC_7a5e9.dir/build.make CMakeFiles/cmTC_7a5e9.dir/build
make[1]: Entering directory '/home/revan/CMPUT412/Competitions/412-Comp1/catkin_ws/build/CMakeFiles/CMakeTmp'
Building C object CMakeFiles/cmTC_7a5e9.dir/CheckFunctionExists.c.o
/usr/bin/cc    -DCHECK_FUNCTION_EXISTS=pthread_create   -o CMakeFiles/cmTC_7a5e9.dir/CheckFunctionExists.c.o   -c /usr/share/cmake-3.5/Modules/CheckFunctionExists.c
Linking C executable cmTC_7a5e9
/usr/bin/cmake -E cmake_link_script CMakeFiles/cmTC_7a5e9.dir/link.txt --verbose=1
/usr/bin/cc   -DCHECK_FUNCTION_EXISTS=pthread_create    CMakeFiles/cmTC_7a5e9.dir/CheckFunctionExists.c.o  -o cmTC_7a5e9 -rdynamic -lpthreads 
/usr/bin/ld: cannot find -lpthreads
collect2: error: ld returned 1 exit status
CMakeFiles/cmTC_7a5e9.dir/build.make:97: recipe for target 'cmTC_7a5e9' failed
make[1]: *** [cmTC_7a5e9] Error 1
make[1]: Leaving directory '/home/revan/CMPUT412/Competitions/412-Comp1/catkin_ws/build/CMakeFiles/CMakeTmp'
Makefile:126: recipe for target 'cmTC_7a5e9/fast' failed
make: *** [cmTC_7a5e9/fast] Error 2


